<?xml version="1.0" encoding="UTF-8"?>
<testsuite name="com.kensuka21.api.shortenerlink.ShortenerlinkApplicationTests" tests="1" skipped="0" failures="0" errors="0" timestamp="2016-05-20T18:10:49" hostname="arsh-ldvtec82" time="0.005">
  <properties/>
  <testcase name="contextLoads" classname="com.kensuka21.api.shortenerlink.ShortenerlinkApplicationTests" time="0.005"/>
  <system-out><![CDATA[14:10:44.712 [Test worker] DEBUG org.springframework.test.context.junit4.SpringJUnit4ClassRunner - SpringJUnit4ClassRunner constructor called with [class com.kensuka21.api.shortenerlink.ShortenerlinkApplicationTests]
14:10:44.715 [Test worker] DEBUG org.springframework.test.context.BootstrapUtils - Instantiating CacheAwareContextLoaderDelegate from class [org.springframework.test.context.cache.DefaultCacheAwareContextLoaderDelegate]
14:10:44.719 [Test worker] DEBUG org.springframework.test.context.BootstrapUtils - Instantiating BootstrapContext using constructor [public org.springframework.test.context.support.DefaultBootstrapContext(java.lang.Class,org.springframework.test.context.CacheAwareContextLoaderDelegate)]
14:10:44.728 [Test worker] DEBUG org.springframework.test.context.BootstrapUtils - Instantiating TestContextBootstrapper for test class [com.kensuka21.api.shortenerlink.ShortenerlinkApplicationTests] from class [org.springframework.test.context.web.WebTestContextBootstrapper]
14:10:44.745 [Test worker] DEBUG org.springframework.test.context.web.WebTestContextBootstrapper - Found explicit ContextLoader class [org.springframework.boot.test.SpringApplicationContextLoader] for context configuration attributes [ContextConfigurationAttributes@17ba444 declaringClass = 'com.kensuka21.api.shortenerlink.ShortenerlinkApplicationTests', classes = '{class com.kensuka21.api.shortenerlink.ShortenerlinkApplication}', locations = '{}', inheritLocations = true, initializers = '{}', inheritInitializers = true, name = [null], contextLoaderClass = 'org.springframework.boot.test.SpringApplicationContextLoader']
14:10:44.751 [Test worker] DEBUG org.springframework.test.context.support.AbstractContextLoader - Did not detect default resource location for test class [com.kensuka21.api.shortenerlink.ShortenerlinkApplicationTests]: class path resource [com/kensuka21/api/shortenerlink/ShortenerlinkApplicationTests-context.xml] does not exist
14:10:44.752 [Test worker] DEBUG org.springframework.test.context.support.AbstractContextLoader - Did not detect default resource location for test class [com.kensuka21.api.shortenerlink.ShortenerlinkApplicationTests]: class path resource [com/kensuka21/api/shortenerlink/ShortenerlinkApplicationTestsContext.groovy] does not exist
14:10:44.752 [Test worker] INFO org.springframework.test.context.support.AbstractContextLoader - Could not detect default resource locations for test class [com.kensuka21.api.shortenerlink.ShortenerlinkApplicationTests]: no resource found for suffixes {-context.xml, Context.groovy}.
14:10:44.753 [Test worker] DEBUG org.springframework.test.context.support.ActiveProfilesUtils - Could not find an 'annotation declaring class' for annotation type [org.springframework.test.context.ActiveProfiles] and class [com.kensuka21.api.shortenerlink.ShortenerlinkApplicationTests]
14:10:44.756 [Test worker] DEBUG org.springframework.test.context.web.WebTestContextBootstrapper - @TestExecutionListeners is not present for class [com.kensuka21.api.shortenerlink.ShortenerlinkApplicationTests]: using defaults.
14:10:44.762 [Test worker] INFO org.springframework.test.context.web.WebTestContextBootstrapper - Loaded default TestExecutionListener class names from location [META-INF/spring.factories]: [org.springframework.test.context.web.ServletTestExecutionListener, org.springframework.test.context.support.DirtiesContextBeforeModesTestExecutionListener, org.springframework.test.context.support.DependencyInjectionTestExecutionListener, org.springframework.test.context.support.DirtiesContextTestExecutionListener, org.springframework.test.context.transaction.TransactionalTestExecutionListener, org.springframework.test.context.jdbc.SqlScriptsTestExecutionListener]
14:10:44.777 [Test worker] INFO org.springframework.test.context.web.WebTestContextBootstrapper - Using TestExecutionListeners: [org.springframework.test.context.web.ServletTestExecutionListener@604f9247, org.springframework.test.context.support.DirtiesContextBeforeModesTestExecutionListener@33f5f514, org.springframework.test.context.support.DependencyInjectionTestExecutionListener@6b2b279e, org.springframework.test.context.support.DirtiesContextTestExecutionListener@7ff6e0ab, org.springframework.test.context.transaction.TransactionalTestExecutionListener@63b788b8, org.springframework.test.context.jdbc.SqlScriptsTestExecutionListener@7ff68c8f]
14:10:44.780 [Test worker] DEBUG org.springframework.test.annotation.ProfileValueUtils - Retrieved @ProfileValueSourceConfiguration [null] for test class [com.kensuka21.api.shortenerlink.ShortenerlinkApplicationTests]
14:10:44.780 [Test worker] DEBUG org.springframework.test.annotation.ProfileValueUtils - Retrieved ProfileValueSource type [class org.springframework.test.annotation.SystemProfileValueSource] for class [com.kensuka21.api.shortenerlink.ShortenerlinkApplicationTests]
14:10:44.781 [Test worker] DEBUG org.springframework.test.annotation.ProfileValueUtils - Retrieved @ProfileValueSourceConfiguration [null] for test class [com.kensuka21.api.shortenerlink.ShortenerlinkApplicationTests]
14:10:44.781 [Test worker] DEBUG org.springframework.test.annotation.ProfileValueUtils - Retrieved ProfileValueSource type [class org.springframework.test.annotation.SystemProfileValueSource] for class [com.kensuka21.api.shortenerlink.ShortenerlinkApplicationTests]
14:10:44.782 [Test worker] DEBUG org.springframework.test.context.support.AbstractDirtiesContextTestExecutionListener - Before test class: context [DefaultTestContext@7b6024d8 testClass = ShortenerlinkApplicationTests, testInstance = [null], testMethod = [null], testException = [null], mergedContextConfiguration = [WebMergedContextConfiguration@4a56faf3 testClass = ShortenerlinkApplicationTests, locations = '{}', classes = '{class com.kensuka21.api.shortenerlink.ShortenerlinkApplication}', contextInitializerClasses = '[]', activeProfiles = '{}', propertySourceLocations = '{}', propertySourceProperties = '{}', resourceBasePath = 'src/main/webapp', contextLoader = 'org.springframework.boot.test.SpringApplicationContextLoader', parent = [null]]], class annotated with @DirtiesContext [false] with mode [null].
14:10:44.783 [Test worker] DEBUG org.springframework.test.annotation.ProfileValueUtils - Retrieved @ProfileValueSourceConfiguration [null] for test class [com.kensuka21.api.shortenerlink.ShortenerlinkApplicationTests]
14:10:44.783 [Test worker] DEBUG org.springframework.test.annotation.ProfileValueUtils - Retrieved ProfileValueSource type [class org.springframework.test.annotation.SystemProfileValueSource] for class [com.kensuka21.api.shortenerlink.ShortenerlinkApplicationTests]
14:10:44.831 [Test worker] DEBUG org.springframework.core.env.StandardEnvironment - Adding [systemProperties] PropertySource with lowest search precedence
14:10:44.832 [Test worker] DEBUG org.springframework.core.env.StandardEnvironment - Adding [systemEnvironment] PropertySource with lowest search precedence
14:10:44.832 [Test worker] DEBUG org.springframework.core.env.StandardEnvironment - Initialized StandardEnvironment with PropertySources [systemProperties,systemEnvironment]
14:10:44.833 [Test worker] DEBUG org.springframework.core.env.StandardEnvironment - Adding [integrationTest] PropertySource with search precedence immediately lower than [systemEnvironment]

  .   ____          _            __ _ _
 /\\ / ___'_ __ _ _(_)_ __  __ _ \ \ \ \
( ( )\___ | '_ | '_| | '_ \/ _` | \ \ \ \
 \\/  ___)| |_)| | | | | || (_| |  ) ) ) )
  '  |____| .__|_| |_|_| |_\__, | / / / /
 =========|_|==============|___/=/_/_/_/
 :: Spring Boot ::        (v1.3.5.RELEASE)

2016-05-20 14:10:45.047  INFO 5736 --- [    Test worker] c.k.a.s.ShortenerlinkApplicationTests    : Starting ShortenerlinkApplicationTests on arsh-ldvtec82 with PID 5736 (C:\Users\kesalcedo\shortenerlinkapi\build\classes\test started by kesalcedo in C:\Users\kesalcedo\shortenerlinkapi)
2016-05-20 14:10:45.047  INFO 5736 --- [    Test worker] c.k.a.s.ShortenerlinkApplicationTests    : No active profile set, falling back to default profiles: default
2016-05-20 14:10:45.099  INFO 5736 --- [    Test worker] o.s.w.c.s.GenericWebApplicationContext   : Refreshing org.springframework.web.context.support.GenericWebApplicationContext@47681629: startup date [Fri May 20 14:10:45 BOT 2016]; root of context hierarchy
2016-05-20 14:10:46.270  INFO 5736 --- [    Test worker] trationDelegate$BeanPostProcessorChecker : Bean 'org.springframework.transaction.annotation.ProxyTransactionManagementConfiguration' of type [class org.springframework.transaction.annotation.ProxyTransactionManagementConfiguration$$EnhancerBySpringCGLIB$$5651e669] is not eligible for getting processed by all BeanPostProcessors (for example: not eligible for auto-proxying)
2016-05-20 14:10:46.894  INFO 5736 --- [    Test worker] j.LocalContainerEntityManagerFactoryBean : Building JPA container EntityManagerFactory for persistence unit 'default'
2016-05-20 14:10:46.924  INFO 5736 --- [    Test worker] o.hibernate.jpa.internal.util.LogHelper  : HHH000204: Processing PersistenceUnitInfo [
	name: default
	...]
2016-05-20 14:10:46.981  INFO 5736 --- [    Test worker] org.hibernate.Version                    : HHH000412: Hibernate Core {4.3.11.Final}
2016-05-20 14:10:46.982  INFO 5736 --- [    Test worker] org.hibernate.cfg.Environment            : HHH000206: hibernate.properties not found
2016-05-20 14:10:46.984  INFO 5736 --- [    Test worker] org.hibernate.cfg.Environment            : HHH000021: Bytecode provider name : javassist
2016-05-20 14:10:47.104  INFO 5736 --- [    Test worker] o.hibernate.annotations.common.Version   : HCANN000001: Hibernate Commons Annotations {4.0.5.Final}
2016-05-20 14:10:47.366  INFO 5736 --- [    Test worker] org.hibernate.dialect.Dialect            : HHH000400: Using dialect: org.hibernate.dialect.MySQL5Dialect
2016-05-20 14:10:47.464  INFO 5736 --- [    Test worker] o.h.h.i.ast.ASTQueryTranslatorFactory    : HHH000397: Using ASTQueryTranslatorFactory
2016-05-20 14:10:47.989  INFO 5736 --- [    Test worker] org.hibernate.tool.hbm2ddl.SchemaExport  : HHH000227: Running hbm2ddl schema export
Hibernate: drop table if exists shortener_link
Hibernate: create table shortener_link (id integer not null auto_increment, long_url varchar(255), short_url varchar(255), primary key (id))
2016-05-20 14:10:48.014  INFO 5736 --- [    Test worker] org.hibernate.tool.hbm2ddl.SchemaExport  : HHH000230: Schema export complete
2016-05-20 14:10:48.750  INFO 5736 --- [    Test worker] s.w.s.m.m.a.RequestMappingHandlerAdapter : Looking for @ControllerAdvice: org.springframework.web.context.support.GenericWebApplicationContext@47681629: startup date [Fri May 20 14:10:45 BOT 2016]; root of context hierarchy
2016-05-20 14:10:48.821  INFO 5736 --- [    Test worker] s.w.s.m.m.a.RequestMappingHandlerMapping : Mapped "{[/api/shortenerlink],methods=[POST]}" onto public org.springframework.http.ResponseEntity<?> com.kensuka21.api.shortenerlink.web.rest.ShortenerLinkResource.shortenerlink(com.kensuka21.api.shortenerlink.dto.ShortenerLinkDTO)
2016-05-20 14:10:48.823  INFO 5736 --- [    Test worker] s.w.s.m.m.a.RequestMappingHandlerMapping : Mapped "{[/error]}" onto public org.springframework.http.ResponseEntity<java.util.Map<java.lang.String, java.lang.Object>> org.springframework.boot.autoconfigure.web.BasicErrorController.error(javax.servlet.http.HttpServletRequest)
2016-05-20 14:10:48.824  INFO 5736 --- [    Test worker] s.w.s.m.m.a.RequestMappingHandlerMapping : Mapped "{[/error],produces=[text/html]}" onto public org.springframework.web.servlet.ModelAndView org.springframework.boot.autoconfigure.web.BasicErrorController.errorHtml(javax.servlet.http.HttpServletRequest,javax.servlet.http.HttpServletResponse)
2016-05-20 14:10:48.852  INFO 5736 --- [    Test worker] o.s.w.s.handler.SimpleUrlHandlerMapping  : Mapped URL path [/webjars/**] onto handler of type [class org.springframework.web.servlet.resource.ResourceHttpRequestHandler]
2016-05-20 14:10:48.852  INFO 5736 --- [    Test worker] o.s.w.s.handler.SimpleUrlHandlerMapping  : Mapped URL path [/**] onto handler of type [class org.springframework.web.servlet.resource.ResourceHttpRequestHandler]
2016-05-20 14:10:48.886  INFO 5736 --- [    Test worker] o.s.w.s.handler.SimpleUrlHandlerMapping  : Mapped URL path [/**/favicon.ico] onto handler of type [class org.springframework.web.servlet.resource.ResourceHttpRequestHandler]
2016-05-20 14:10:49.104  INFO 5736 --- [    Test worker] c.k.a.s.ShortenerlinkApplicationTests    : Started ShortenerlinkApplicationTests in 4.264 seconds (JVM running for 4.946)
]]></system-out>
  <system-err><![CDATA[]]></system-err>
</testsuite>
